<?xml version="1.0" encoding="UTF-8"?>
<!-- Generated by org.testng.reporters.JUnitXMLReporter -->
<testsuite hostname="vino-PC" name="exampletest1" tests="1" failures="0" timestamp="5 May 2015 10:55:24 GMT" time="16.512" errors="0">
  <testcase name="@AfterTest tearDown" time="0.0" classname="modern.co.uk.BaseClass">
    <failure type="java.lang.NullPointerException">
      <![CDATA[java.lang.NullPointerException
	at modern.co.uk.ItemCalc.ItemCalc(ItemCalc.java:18)
	at modern.co.uk.BaseClass.tearDown(BaseClass.java:43)
... Removed 22 stack frames]]>
    </failure>
  </testcase> <!-- @AfterTest tearDown -->
  <testcase name="testNew" time="4.074" classname="modern.co.uk.BaseClass"/>
</testsuite> <!-- exampletest1 -->
